"QUERY PLAN"
"Sort  (cost=28.03..28.03 rows=3 width=368) (actual time=0.280..0.285 rows=2 loops=1)"
"  Sort Key: (sum(((dp.cantidad)::numeric * dp.precio_unitario))) DESC"
"  Sort Method: quicksort  Memory: 25kB"
"  ->  GroupAggregate  (cost=27.92..28.00 rows=3 width=368) (actual time=0.215..0.224 rows=2 loops=1)"
"        Group Key: c.nombre, p.estado"
"        ->  Sort  (cost=27.92..27.93 rows=3 width=356) (actual time=0.173..0.177 rows=3 loops=1)"
"              Sort Key: c.nombre, p.estado"
"              Sort Method: quicksort  Memory: 25kB"
"              ->  Nested Loop  (cost=2.11..27.89 rows=3 width=356) (actual time=0.124..0.141 rows=3 loops=1)"
"                    Join Filter: (p.pedido_id = dp.pedido_id)"
"                    Rows Removed by Join Filter: 3"
"                    ->  Hash Join  (cost=1.07..14.81 rows=3 width=24) (actual time=0.071..0.077 rows=3 loops=1)"
"                          Hash Cond: (pr.producto_id = dp.producto_id)"
"                          ->  Seq Scan on productos pr  (cost=0.00..12.70 rows=270 width=4) (actual time=0.022..0.023 rows=3 loops=1)"
"                          ->  Hash  (cost=1.03..1.03 rows=3 width=28) (actual time=0.022..0.022 rows=3 loops=1)"
"                                Buckets: 1024  Batches: 1  Memory Usage: 9kB"
"                                ->  Seq Scan on detalle_pedidos dp  (cost=0.00..1.03 rows=3 width=28) (actual time=0.011..0.013 rows=3 loops=1)"
"                    ->  Materialize  (cost=1.04..13.00 rows=2 width=340) (actual time=0.017..0.019 rows=2 loops=3)"
"                          ->  Hash Join  (cost=1.04..12.99 rows=2 width=340) (actual time=0.044..0.048 rows=2 loops=1)"
"                                Hash Cond: (c.cliente_id = p.cliente_id)"
"                                ->  Seq Scan on clientes c  (cost=0.00..11.40 rows=140 width=222) (actual time=0.014..0.015 rows=3 loops=1)"
"                                ->  Hash  (cost=1.02..1.02 rows=2 width=126) (actual time=0.015..0.016 rows=2 loops=1)"
"                                      Buckets: 1024  Batches: 1  Memory Usage: 9kB"
"                                      ->  Seq Scan on pedidos p  (cost=0.00..1.02 rows=2 width=126) (actual time=0.009..0.010 rows=2 loops=1)"
"Planning Time: 26.079 ms"
"Execution Time: 0.407 ms"
